<?xml version="1.0" encoding="UTF-8" ?>
<testsuite failures="0" time="54.824" errors="0" skipped="0" tests="3" name="com.dreamit.proxystat.integration.IntegrationTestAdmin">
  <properties>
    <property name="java.runtime.name" value="Java(TM) SE Runtime Environment"/>
    <property name="sun.boot.library.path" value="/System/Library/Java/JavaVirtualMachines/1.6.0.jdk/Contents/Libraries"/>
    <property name="java.vm.version" value="20.45-b01-451"/>
    <property name="awt.nativeDoubleBuffering" value="true"/>
    <property name="gopherProxySet" value="false"/>
    <property name="mrj.build" value="11M4406"/>
    <property name="java.vm.vendor" value="Apple Inc."/>
    <property name="java.vendor.url" value="http://www.apple.com/"/>
    <property name="path.separator" value=":"/>
    <property name="java.vm.name" value="Java HotSpot(TM) 64-Bit Server VM"/>
    <property name="file.encoding.pkg" value="sun.io"/>
    <property name="user.country" value="FR"/>
    <property name="sun.java.launcher" value="SUN_STANDARD"/>
    <property name="sun.os.patch.level" value="unknown"/>
    <property name="java.vm.specification.name" value="Java Virtual Machine Specification"/>
    <property name="user.dir" value="/Users/tarik/Documents/Informatique/Projet/WorkspaceJEE/proxystat"/>
    <property name="java.runtime.version" value="1.6.0_45-b06-451-11M4406"/>
    <property name="java.awt.graphicsenv" value="apple.awt.CGraphicsEnvironment"/>
    <property name="basedir" value="/Users/tarik/Documents/Informatique/Projet/WorkspaceJEE/proxystat"/>
    <property name="java.endorsed.dirs" value="/System/Library/Java/JavaVirtualMachines/1.6.0.jdk/Contents/Home/lib/endorsed"/>
    <property name="os.arch" value="x86_64"/>
    <property name="surefire.real.class.path" value="/Users/tarik/Documents/Informatique/Projet/WorkspaceJEE/proxystat/target/surefire/surefirebooter6840999974462190913.jar"/>
    <property name="java.io.tmpdir" value="/var/folders/jy/kmzhplts5w9gdkz4hylvb46w0000gn/T/"/>
    <property name="line.separator" value="
"/>
    <property name="java.vm.specification.vendor" value="Sun Microsystems Inc."/>
    <property name="os.name" value="Mac OS X"/>
    <property name="sun.jnu.encoding" value="MacRoman"/>
    <property name="java.library.path" value=".:/Library/Java/Extensions:/System/Library/Java/Extensions:/usr/lib/java"/>
    <property name="surefire.test.class.path" value="/Users/tarik/Documents/Informatique/Projet/WorkspaceJEE/proxystat/target/test-classes:/Users/tarik/Documents/Informatique/Projet/WorkspaceJEE/proxystat/target/classes:/Users/tarik/.m2/repository/org/springframework/spring-core/3.2.0.RELEASE/spring-core-3.2.0.RELEASE.jar:/Users/tarik/.m2/repository/commons-logging/commons-logging/1.1.1/commons-logging-1.1.1.jar:/Users/tarik/.m2/repository/org/springframework/spring-expression/3.2.0.RELEASE/spring-expression-3.2.0.RELEASE.jar:/Users/tarik/.m2/repository/org/springframework/spring-beans/3.2.0.RELEASE/spring-beans-3.2.0.RELEASE.jar:/Users/tarik/.m2/repository/org/springframework/spring-aop/3.2.0.RELEASE/spring-aop-3.2.0.RELEASE.jar:/Users/tarik/.m2/repository/aopalliance/aopalliance/1.0/aopalliance-1.0.jar:/Users/tarik/.m2/repository/org/springframework/spring-context/3.2.0.RELEASE/spring-context-3.2.0.RELEASE.jar:/Users/tarik/.m2/repository/org/springframework/spring-context-support/3.2.0.RELEASE/spring-context-support-3.2.0.RELEASE.jar:/Users/tarik/.m2/repository/org/springframework/spring-tx/3.2.0.RELEASE/spring-tx-3.2.0.RELEASE.jar:/Users/tarik/.m2/repository/org/springframework/spring-orm/3.2.0.RELEASE/spring-orm-3.2.0.RELEASE.jar:/Users/tarik/.m2/repository/org/springframework/spring-jdbc/3.2.0.RELEASE/spring-jdbc-3.2.0.RELEASE.jar:/Users/tarik/.m2/repository/org/springframework/spring-oxm/3.2.0.RELEASE/spring-oxm-3.2.0.RELEASE.jar:/Users/tarik/.m2/repository/commons-lang/commons-lang/2.5/commons-lang-2.5.jar:/Users/tarik/.m2/repository/org/springframework/spring-web/3.2.0.RELEASE/spring-web-3.2.0.RELEASE.jar:/Users/tarik/.m2/repository/org/springframework/spring-webmvc/3.2.0.RELEASE/spring-webmvc-3.2.0.RELEASE.jar:/Users/tarik/.m2/repository/org/springframework/security/spring-security-web/3.1.3.RELEASE/spring-security-web-3.1.3.RELEASE.jar:/Users/tarik/.m2/repository/org/springframework/security/spring-security-config/3.1.3.RELEASE/spring-security-config-3.1.3.RELEASE.jar:/Users/tarik/.m2/repository/org/springframework/security/spring-security-core/3.1.3.RELEASE/spring-security-core-3.1.3.RELEASE.jar:/Users/tarik/.m2/repository/org/springframework/security/spring-security-taglibs/3.1.3.RELEASE/spring-security-taglibs-3.1.3.RELEASE.jar:/Users/tarik/.m2/repository/org/springframework/security/spring-security-acl/3.1.3.RELEASE/spring-security-acl-3.1.3.RELEASE.jar:/Users/tarik/.m2/repository/org/hibernate/hibernate-core/3.6.10.Final/hibernate-core-3.6.10.Final.jar:/Users/tarik/.m2/repository/antlr/antlr/2.7.6/antlr-2.7.6.jar:/Users/tarik/.m2/repository/commons-collections/commons-collections/3.1/commons-collections-3.1.jar:/Users/tarik/.m2/repository/dom4j/dom4j/1.6.1/dom4j-1.6.1.jar:/Users/tarik/.m2/repository/org/hibernate/hibernate-commons-annotations/3.2.0.Final/hibernate-commons-annotations-3.2.0.Final.jar:/Users/tarik/.m2/repository/org/hibernate/javax/persistence/hibernate-jpa-2.0-api/1.0.1.Final/hibernate-jpa-2.0-api-1.0.1.Final.jar:/Users/tarik/.m2/repository/org/hibernate/hibernate-entitymanager/3.6.10.Final/hibernate-entitymanager-3.6.10.Final.jar:/Users/tarik/.m2/repository/javassist/javassist/3.12.0.GA/javassist-3.12.0.GA.jar:/Users/tarik/.m2/repository/org/slf4j/slf4j-jcl/1.5.6/slf4j-jcl-1.5.6.jar:/Users/tarik/.m2/repository/org/slf4j/slf4j-api/1.5.6/slf4j-api-1.5.6.jar:/Users/tarik/.m2/repository/javax/transaction/jta/1.1/jta-1.1.jar:/Users/tarik/.m2/repository/log4j/log4j/1.2.14/log4j-1.2.14.jar:/Users/tarik/.m2/repository/cglib/cglib/2.2.2/cglib-2.2.2.jar:/Users/tarik/.m2/repository/asm/asm/3.3.1/asm-3.3.1.jar:/Users/tarik/.m2/repository/taglibs/standard/1.1.2/standard-1.1.2.jar:/Users/tarik/.m2/repository/javax/servlet/jstl/1.1.2/jstl-1.1.2.jar:/Users/tarik/.m2/repository/org/hibernate/hibernate-ehcache/3.6.10.Final/hibernate-ehcache-3.6.10.Final.jar:/Users/tarik/.m2/repository/net/sf/ehcache/ehcache-core/2.4.3/ehcache-core-2.4.3.jar:/Users/tarik/.m2/repository/javax/servlet/servlet-api/2.5/servlet-api-2.5.jar:/Users/tarik/.m2/repository/junit/junit/4.10/junit-4.10.jar:/Users/tarik/.m2/repository/org/hamcrest/hamcrest-core/1.1/hamcrest-core-1.1.jar:/Users/tarik/.m2/repository/org/mockito/mockito-all/1.9.0/mockito-all-1.9.0.jar:/Users/tarik/.m2/repository/org/seleniumhq/selenium/selenium-java/2.30.0/selenium-java-2.30.0.jar:/Users/tarik/.m2/repository/org/seleniumhq/selenium/selenium-android-driver/2.30.0/selenium-android-driver-2.30.0.jar:/Users/tarik/.m2/repository/org/seleniumhq/selenium/selenium-remote-driver/2.30.0/selenium-remote-driver-2.30.0.jar:/Users/tarik/.m2/repository/cglib/cglib-nodep/2.1_3/cglib-nodep-2.1_3.jar:/Users/tarik/.m2/repository/org/json/json/20080701/json-20080701.jar:/Users/tarik/.m2/repository/com/google/guava/guava/14.0-rc1/guava-14.0-rc1.jar:/Users/tarik/.m2/repository/org/seleniumhq/selenium/selenium-chrome-driver/2.30.0/selenium-chrome-driver-2.30.0.jar:/Users/tarik/.m2/repository/org/seleniumhq/selenium/selenium-htmlunit-driver/2.30.0/selenium-htmlunit-driver-2.30.0.jar:/Users/tarik/.m2/repository/org/seleniumhq/selenium/selenium-api/2.30.0/selenium-api-2.30.0.jar:/Users/tarik/.m2/repository/net/sourceforge/htmlunit/htmlunit/2.11/htmlunit-2.11.jar:/Users/tarik/.m2/repository/xalan/xalan/2.7.1/xalan-2.7.1.jar:/Users/tarik/.m2/repository/xalan/serializer/2.7.1/serializer-2.7.1.jar:/Users/tarik/.m2/repository/org/apache/commons/commons-lang3/3.1/commons-lang3-3.1.jar:/Users/tarik/.m2/repository/org/apache/httpcomponents/httpmime/4.2.2/httpmime-4.2.2.jar:/Users/tarik/.m2/repository/commons-codec/commons-codec/1.7/commons-codec-1.7.jar:/Users/tarik/.m2/repository/net/sourceforge/htmlunit/htmlunit-core-js/2.11/htmlunit-core-js-2.11.jar:/Users/tarik/.m2/repository/xerces/xercesImpl/2.10.0/xercesImpl-2.10.0.jar:/Users/tarik/.m2/repository/xml-apis/xml-apis/1.4.01/xml-apis-1.4.01.jar:/Users/tarik/.m2/repository/net/sourceforge/nekohtml/nekohtml/1.9.17/nekohtml-1.9.17.jar:/Users/tarik/.m2/repository/net/sourceforge/cssparser/cssparser/0.9.8/cssparser-0.9.8.jar:/Users/tarik/.m2/repository/org/w3c/css/sac/1.3/sac-1.3.jar:/Users/tarik/.m2/repository/org/eclipse/jetty/jetty-websocket/8.1.7.v20120910/jetty-websocket-8.1.7.v20120910.jar:/Users/tarik/.m2/repository/org/eclipse/jetty/jetty-util/8.1.7.v20120910/jetty-util-8.1.7.v20120910.jar:/Users/tarik/.m2/repository/org/eclipse/jetty/jetty-io/8.1.7.v20120910/jetty-io-8.1.7.v20120910.jar:/Users/tarik/.m2/repository/org/eclipse/jetty/jetty-http/8.1.7.v20120910/jetty-http-8.1.7.v20120910.jar:/Users/tarik/.m2/repository/org/apache/httpcomponents/httpclient/4.2.1/httpclient-4.2.1.jar:/Users/tarik/.m2/repository/org/apache/httpcomponents/httpcore/4.2.1/httpcore-4.2.1.jar:/Users/tarik/.m2/repository/org/seleniumhq/selenium/selenium-firefox-driver/2.30.0/selenium-firefox-driver-2.30.0.jar:/Users/tarik/.m2/repository/commons-io/commons-io/2.2/commons-io-2.2.jar:/Users/tarik/.m2/repository/org/apache/commons/commons-exec/1.1/commons-exec-1.1.jar:/Users/tarik/.m2/repository/org/seleniumhq/selenium/selenium-ie-driver/2.30.0/selenium-ie-driver-2.30.0.jar:/Users/tarik/.m2/repository/net/java/dev/jna/jna/3.4.0/jna-3.4.0.jar:/Users/tarik/.m2/repository/net/java/dev/jna/platform/3.4.0/platform-3.4.0.jar:/Users/tarik/.m2/repository/org/seleniumhq/selenium/selenium-iphone-driver/2.30.0/selenium-iphone-driver-2.30.0.jar:/Users/tarik/.m2/repository/org/seleniumhq/selenium/selenium-safari-driver/2.30.0/selenium-safari-driver-2.30.0.jar:/Users/tarik/.m2/repository/org/seleniumhq/selenium/selenium-support/2.30.0/selenium-support-2.30.0.jar:/Users/tarik/.m2/repository/org/webbitserver/webbit/0.4.14/webbit-0.4.14.jar:/Users/tarik/.m2/repository/io/netty/netty/3.5.2.Final/netty-3.5.2.Final.jar:/Users/tarik/.m2/repository/org/springframework/spring-test/3.2.0.RELEASE/spring-test-3.2.0.RELEASE.jar:/Users/tarik/.m2/repository/commons-dbcp/commons-dbcp/1.2.2/commons-dbcp-1.2.2.jar:/Users/tarik/.m2/repository/commons-pool/commons-pool/1.3/commons-pool-1.3.jar:/Users/tarik/.m2/repository/postgresql/postgresql/9.1-901-1.jdbc4/postgresql-9.1-901-1.jdbc4.jar:/Users/tarik/.m2/repository/javax/mail/mail/1.4/mail-1.4.jar:/Users/tarik/.m2/repository/javax/activation/activation/1.1/activation-1.1.jar:"/>
    <property name="java.specification.name" value="Java Platform API Specification"/>
    <property name="java.class.version" value="50.0"/>
    <property name="sun.management.compiler" value="HotSpot 64-Bit Tiered Compilers"/>
    <property name="os.version" value="10.7.5"/>
    <property name="http.nonProxyHosts" value="local|*.local|169.254/16|*.169.254/16"/>
    <property name="user.home" value="/Users/tarik"/>
    <property name="user.timezone" value="Europe/Paris"/>
    <property name="jetty.context" value="proxystat"/>
    <property name="java.awt.printerjob" value="apple.awt.CPrinterJob"/>
    <property name="java.specification.version" value="1.6"/>
    <property name="file.encoding" value="MacRoman"/>
    <property name="user.name" value="tarik"/>
    <property name="java.class.path" value="/Users/tarik/Documents/Informatique/Projet/WorkspaceJEE/proxystat/target/test-classes:/Users/tarik/Documents/Informatique/Projet/WorkspaceJEE/proxystat/target/classes:/Users/tarik/.m2/repository/org/springframework/spring-core/3.2.0.RELEASE/spring-core-3.2.0.RELEASE.jar:/Users/tarik/.m2/repository/commons-logging/commons-logging/1.1.1/commons-logging-1.1.1.jar:/Users/tarik/.m2/repository/org/springframework/spring-expression/3.2.0.RELEASE/spring-expression-3.2.0.RELEASE.jar:/Users/tarik/.m2/repository/org/springframework/spring-beans/3.2.0.RELEASE/spring-beans-3.2.0.RELEASE.jar:/Users/tarik/.m2/repository/org/springframework/spring-aop/3.2.0.RELEASE/spring-aop-3.2.0.RELEASE.jar:/Users/tarik/.m2/repository/aopalliance/aopalliance/1.0/aopalliance-1.0.jar:/Users/tarik/.m2/repository/org/springframework/spring-context/3.2.0.RELEASE/spring-context-3.2.0.RELEASE.jar:/Users/tarik/.m2/repository/org/springframework/spring-context-support/3.2.0.RELEASE/spring-context-support-3.2.0.RELEASE.jar:/Users/tarik/.m2/repository/org/springframework/spring-tx/3.2.0.RELEASE/spring-tx-3.2.0.RELEASE.jar:/Users/tarik/.m2/repository/org/springframework/spring-orm/3.2.0.RELEASE/spring-orm-3.2.0.RELEASE.jar:/Users/tarik/.m2/repository/org/springframework/spring-jdbc/3.2.0.RELEASE/spring-jdbc-3.2.0.RELEASE.jar:/Users/tarik/.m2/repository/org/springframework/spring-oxm/3.2.0.RELEASE/spring-oxm-3.2.0.RELEASE.jar:/Users/tarik/.m2/repository/commons-lang/commons-lang/2.5/commons-lang-2.5.jar:/Users/tarik/.m2/repository/org/springframework/spring-web/3.2.0.RELEASE/spring-web-3.2.0.RELEASE.jar:/Users/tarik/.m2/repository/org/springframework/spring-webmvc/3.2.0.RELEASE/spring-webmvc-3.2.0.RELEASE.jar:/Users/tarik/.m2/repository/org/springframework/security/spring-security-web/3.1.3.RELEASE/spring-security-web-3.1.3.RELEASE.jar:/Users/tarik/.m2/repository/org/springframework/security/spring-security-config/3.1.3.RELEASE/spring-security-config-3.1.3.RELEASE.jar:/Users/tarik/.m2/repository/org/springframework/security/spring-security-core/3.1.3.RELEASE/spring-security-core-3.1.3.RELEASE.jar:/Users/tarik/.m2/repository/org/springframework/security/spring-security-taglibs/3.1.3.RELEASE/spring-security-taglibs-3.1.3.RELEASE.jar:/Users/tarik/.m2/repository/org/springframework/security/spring-security-acl/3.1.3.RELEASE/spring-security-acl-3.1.3.RELEASE.jar:/Users/tarik/.m2/repository/org/hibernate/hibernate-core/3.6.10.Final/hibernate-core-3.6.10.Final.jar:/Users/tarik/.m2/repository/antlr/antlr/2.7.6/antlr-2.7.6.jar:/Users/tarik/.m2/repository/commons-collections/commons-collections/3.1/commons-collections-3.1.jar:/Users/tarik/.m2/repository/dom4j/dom4j/1.6.1/dom4j-1.6.1.jar:/Users/tarik/.m2/repository/org/hibernate/hibernate-commons-annotations/3.2.0.Final/hibernate-commons-annotations-3.2.0.Final.jar:/Users/tarik/.m2/repository/org/hibernate/javax/persistence/hibernate-jpa-2.0-api/1.0.1.Final/hibernate-jpa-2.0-api-1.0.1.Final.jar:/Users/tarik/.m2/repository/org/hibernate/hibernate-entitymanager/3.6.10.Final/hibernate-entitymanager-3.6.10.Final.jar:/Users/tarik/.m2/repository/javassist/javassist/3.12.0.GA/javassist-3.12.0.GA.jar:/Users/tarik/.m2/repository/org/slf4j/slf4j-jcl/1.5.6/slf4j-jcl-1.5.6.jar:/Users/tarik/.m2/repository/org/slf4j/slf4j-api/1.5.6/slf4j-api-1.5.6.jar:/Users/tarik/.m2/repository/javax/transaction/jta/1.1/jta-1.1.jar:/Users/tarik/.m2/repository/log4j/log4j/1.2.14/log4j-1.2.14.jar:/Users/tarik/.m2/repository/cglib/cglib/2.2.2/cglib-2.2.2.jar:/Users/tarik/.m2/repository/asm/asm/3.3.1/asm-3.3.1.jar:/Users/tarik/.m2/repository/taglibs/standard/1.1.2/standard-1.1.2.jar:/Users/tarik/.m2/repository/javax/servlet/jstl/1.1.2/jstl-1.1.2.jar:/Users/tarik/.m2/repository/org/hibernate/hibernate-ehcache/3.6.10.Final/hibernate-ehcache-3.6.10.Final.jar:/Users/tarik/.m2/repository/net/sf/ehcache/ehcache-core/2.4.3/ehcache-core-2.4.3.jar:/Users/tarik/.m2/repository/javax/servlet/servlet-api/2.5/servlet-api-2.5.jar:/Users/tarik/.m2/repository/junit/junit/4.10/junit-4.10.jar:/Users/tarik/.m2/repository/org/hamcrest/hamcrest-core/1.1/hamcrest-core-1.1.jar:/Users/tarik/.m2/repository/org/mockito/mockito-all/1.9.0/mockito-all-1.9.0.jar:/Users/tarik/.m2/repository/org/seleniumhq/selenium/selenium-java/2.30.0/selenium-java-2.30.0.jar:/Users/tarik/.m2/repository/org/seleniumhq/selenium/selenium-android-driver/2.30.0/selenium-android-driver-2.30.0.jar:/Users/tarik/.m2/repository/org/seleniumhq/selenium/selenium-remote-driver/2.30.0/selenium-remote-driver-2.30.0.jar:/Users/tarik/.m2/repository/cglib/cglib-nodep/2.1_3/cglib-nodep-2.1_3.jar:/Users/tarik/.m2/repository/org/json/json/20080701/json-20080701.jar:/Users/tarik/.m2/repository/com/google/guava/guava/14.0-rc1/guava-14.0-rc1.jar:/Users/tarik/.m2/repository/org/seleniumhq/selenium/selenium-chrome-driver/2.30.0/selenium-chrome-driver-2.30.0.jar:/Users/tarik/.m2/repository/org/seleniumhq/selenium/selenium-htmlunit-driver/2.30.0/selenium-htmlunit-driver-2.30.0.jar:/Users/tarik/.m2/repository/org/seleniumhq/selenium/selenium-api/2.30.0/selenium-api-2.30.0.jar:/Users/tarik/.m2/repository/net/sourceforge/htmlunit/htmlunit/2.11/htmlunit-2.11.jar:/Users/tarik/.m2/repository/xalan/xalan/2.7.1/xalan-2.7.1.jar:/Users/tarik/.m2/repository/xalan/serializer/2.7.1/serializer-2.7.1.jar:/Users/tarik/.m2/repository/org/apache/commons/commons-lang3/3.1/commons-lang3-3.1.jar:/Users/tarik/.m2/repository/org/apache/httpcomponents/httpmime/4.2.2/httpmime-4.2.2.jar:/Users/tarik/.m2/repository/commons-codec/commons-codec/1.7/commons-codec-1.7.jar:/Users/tarik/.m2/repository/net/sourceforge/htmlunit/htmlunit-core-js/2.11/htmlunit-core-js-2.11.jar:/Users/tarik/.m2/repository/xerces/xercesImpl/2.10.0/xercesImpl-2.10.0.jar:/Users/tarik/.m2/repository/xml-apis/xml-apis/1.4.01/xml-apis-1.4.01.jar:/Users/tarik/.m2/repository/net/sourceforge/nekohtml/nekohtml/1.9.17/nekohtml-1.9.17.jar:/Users/tarik/.m2/repository/net/sourceforge/cssparser/cssparser/0.9.8/cssparser-0.9.8.jar:/Users/tarik/.m2/repository/org/w3c/css/sac/1.3/sac-1.3.jar:/Users/tarik/.m2/repository/org/eclipse/jetty/jetty-websocket/8.1.7.v20120910/jetty-websocket-8.1.7.v20120910.jar:/Users/tarik/.m2/repository/org/eclipse/jetty/jetty-util/8.1.7.v20120910/jetty-util-8.1.7.v20120910.jar:/Users/tarik/.m2/repository/org/eclipse/jetty/jetty-io/8.1.7.v20120910/jetty-io-8.1.7.v20120910.jar:/Users/tarik/.m2/repository/org/eclipse/jetty/jetty-http/8.1.7.v20120910/jetty-http-8.1.7.v20120910.jar:/Users/tarik/.m2/repository/org/apache/httpcomponents/httpclient/4.2.1/httpclient-4.2.1.jar:/Users/tarik/.m2/repository/org/apache/httpcomponents/httpcore/4.2.1/httpcore-4.2.1.jar:/Users/tarik/.m2/repository/org/seleniumhq/selenium/selenium-firefox-driver/2.30.0/selenium-firefox-driver-2.30.0.jar:/Users/tarik/.m2/repository/commons-io/commons-io/2.2/commons-io-2.2.jar:/Users/tarik/.m2/repository/org/apache/commons/commons-exec/1.1/commons-exec-1.1.jar:/Users/tarik/.m2/repository/org/seleniumhq/selenium/selenium-ie-driver/2.30.0/selenium-ie-driver-2.30.0.jar:/Users/tarik/.m2/repository/net/java/dev/jna/jna/3.4.0/jna-3.4.0.jar:/Users/tarik/.m2/repository/net/java/dev/jna/platform/3.4.0/platform-3.4.0.jar:/Users/tarik/.m2/repository/org/seleniumhq/selenium/selenium-iphone-driver/2.30.0/selenium-iphone-driver-2.30.0.jar:/Users/tarik/.m2/repository/org/seleniumhq/selenium/selenium-safari-driver/2.30.0/selenium-safari-driver-2.30.0.jar:/Users/tarik/.m2/repository/org/seleniumhq/selenium/selenium-support/2.30.0/selenium-support-2.30.0.jar:/Users/tarik/.m2/repository/org/webbitserver/webbit/0.4.14/webbit-0.4.14.jar:/Users/tarik/.m2/repository/io/netty/netty/3.5.2.Final/netty-3.5.2.Final.jar:/Users/tarik/.m2/repository/org/springframework/spring-test/3.2.0.RELEASE/spring-test-3.2.0.RELEASE.jar:/Users/tarik/.m2/repository/commons-dbcp/commons-dbcp/1.2.2/commons-dbcp-1.2.2.jar:/Users/tarik/.m2/repository/commons-pool/commons-pool/1.3/commons-pool-1.3.jar:/Users/tarik/.m2/repository/postgresql/postgresql/9.1-901-1.jdbc4/postgresql-9.1-901-1.jdbc4.jar:/Users/tarik/.m2/repository/javax/mail/mail/1.4/mail-1.4.jar:/Users/tarik/.m2/repository/javax/activation/activation/1.1/activation-1.1.jar:"/>
    <property name="java.vm.specification.version" value="1.0"/>
    <property name="sun.arch.data.model" value="64"/>
    <property name="java.home" value="/System/Library/Java/JavaVirtualMachines/1.6.0.jdk/Contents/Home"/>
    <property name="sun.java.command" value="/Users/tarik/Documents/Informatique/Projet/WorkspaceJEE/proxystat/target/surefire/surefirebooter6840999974462190913.jar /Users/tarik/Documents/Informatique/Projet/WorkspaceJEE/proxystat/target/surefire/surefire5217655113150864838tmp /Users/tarik/Documents/Informatique/Projet/WorkspaceJEE/proxystat/target/surefire/surefire7543921338910198578tmp"/>
    <property name="java.specification.vendor" value="Sun Microsystems Inc."/>
    <property name="user.language" value="fr"/>
    <property name="awt.toolkit" value="apple.awt.CToolkit"/>
    <property name="java.vm.info" value="mixed mode"/>
    <property name="java.version" value="1.6.0_45"/>
    <property name="java.ext.dirs" value="/Library/Java/Extensions:/System/Library/Java/Extensions:/System/Library/Java/JavaVirtualMachines/1.6.0.jdk/Contents/Home/lib/ext"/>
    <property name="sun.boot.class.path" value="/System/Library/Java/JavaVirtualMachines/1.6.0.jdk/Contents/Classes/jsfd.jar:/System/Library/Java/JavaVirtualMachines/1.6.0.jdk/Contents/Classes/classes.jar:/System/Library/Frameworks/JavaVM.framework/Frameworks/JavaRuntimeSupport.framework/Resources/Java/JavaRuntimeSupport.jar:/System/Library/Java/JavaVirtualMachines/1.6.0.jdk/Contents/Classes/ui.jar:/System/Library/Java/JavaVirtualMachines/1.6.0.jdk/Contents/Classes/laf.jar:/System/Library/Java/JavaVirtualMachines/1.6.0.jdk/Contents/Classes/sunrsasign.jar:/System/Library/Java/JavaVirtualMachines/1.6.0.jdk/Contents/Classes/jsse.jar:/System/Library/Java/JavaVirtualMachines/1.6.0.jdk/Contents/Classes/jce.jar:/System/Library/Java/JavaVirtualMachines/1.6.0.jdk/Contents/Classes/charsets.jar"/>
    <property name="java.vendor" value="Apple Inc."/>
    <property name="localRepository" value="/Users/tarik/.m2/repository"/>
    <property name="file.separator" value="/"/>
    <property name="java.vendor.url.bug" value="http://bugreport.apple.com/"/>
    <property name="sun.cpu.endian" value="little"/>
    <property name="sun.io.unicode.encoding" value="UnicodeLittle"/>
    <property name="mrj.version" value="1070.1.6.0_45-451"/>
    <property name="socksNonProxyHosts" value="local|*.local|169.254/16|*.169.254/16"/>
    <property name="ftp.nonProxyHosts" value="local|*.local|169.254/16|*.169.254/16"/>
    <property name="sun.cpu.isalist" value=""/>
  </properties>
  <testcase time="37.977" classname="com.dreamit.proxystat.integration.IntegrationTestAdmin" name="testCanDeleteComments"/>
  <testcase time="10.604" classname="com.dreamit.proxystat.integration.IntegrationTestAdmin" name="testCanAddSeason"/>
  <testcase time="6.146" classname="com.dreamit.proxystat.integration.IntegrationTestAdmin" name="testCanUpdateOrDeleteSeason"/>
</testsuite>